<?xml version="1.0" encoding="UTF-8"?>
<robot generator="Robot 6.1.1 (Python 3.10.10 on win32)" generated="20230928 11:26:47.674" rpa="false" schemaversion="4">
<suite id="s1" name="Demo1" source="C:\Users\Gayathri_Kurapati\Desktop\Python\RobotFramework1\testcases\demo1.robot">
<test id="s1-t1" name="Test Case 1" line="9">
<kw name="Open Browser" library="SeleniumLibrary">
<arg>${url}</arg>
<arg>${browser}</arg>
<doc>Opens a new browser instance to the optional ``url``.</doc>
<msg timestamp="20230928 11:26:47.823" level="INFO">Opening browser 'Edge' to base url 'https://omayo.blogspot.com/'.</msg>
<status status="PASS" starttime="20230928 11:26:47.823" endtime="20230928 11:26:53.681"/>
</kw>
<kw name="Maximize Browser Window" library="SeleniumLibrary">
<doc>Maximizes current browser window.</doc>
<status status="PASS" starttime="20230928 11:26:53.684" endtime="20230928 11:26:53.801"/>
</kw>
<kw name="Set Selenium Implicit Wait" library="SeleniumLibrary">
<arg>10</arg>
<doc>Sets the implicit wait value used by Selenium.</doc>
<status status="PASS" starttime="20230928 11:26:53.801" endtime="20230928 11:26:53.801"/>
</kw>
<kw name="MultiSelectionlist">
<var>${MultiSelectionlist}</var>
<kw name="Select From List By Value" library="SeleniumLibrary">
<arg>multiselect1</arg>
<arg>volvox</arg>
<doc>Selects options from selection list ``locator`` by ``values``.</doc>
<msg timestamp="20230928 11:26:53.801" level="INFO">Selecting options from selection list 'multiselect1' by value volvox.</msg>
<status status="PASS" starttime="20230928 11:26:53.801" endtime="20230928 11:26:53.949"/>
</kw>
<kw name="Select From List By Label" library="SeleniumLibrary">
<arg>multiselect1</arg>
<arg>Swift</arg>
<doc>Selects options from selection list ``locator`` by ``labels``.</doc>
<msg timestamp="20230928 11:26:53.951" level="INFO">Selecting options from selection list 'multiselect1' by label Swift.</msg>
<status status="PASS" starttime="20230928 11:26:53.950" endtime="20230928 11:26:54.050"/>
</kw>
<kw name="Select From List By Index" library="SeleniumLibrary">
<arg>multiselect1</arg>
<arg>3</arg>
<doc>Selects options from selection list ``locator`` by ``indexes``.</doc>
<msg timestamp="20230928 11:26:54.050" level="INFO">Selecting options from selection list 'multiselect1' by index 3.</msg>
<status status="PASS" starttime="20230928 11:26:54.050" endtime="20230928 11:26:54.229"/>
</kw>
<kw name="Unselect From List By Value" library="SeleniumLibrary">
<arg>multiselect1</arg>
<arg>volvox</arg>
<doc>Unselects options from selection list ``locator`` by ``values``.</doc>
<msg timestamp="20230928 11:26:54.229" level="INFO">Un-selecting options from selection list 'multiselect1' by value volvox.</msg>
<status status="PASS" starttime="20230928 11:26:54.229" endtime="20230928 11:26:54.328"/>
</kw>
<kw name="Get Selected List Labels" library="SeleniumLibrary">
<var>${selected_list}</var>
<arg>id:multiselect1</arg>
<doc>Returns labels of selected options from selection list ``locator``.</doc>
<msg timestamp="20230928 11:26:54.479" level="INFO">${selected_list} = ['Swift', 'Audi']</msg>
<status status="PASS" starttime="20230928 11:26:54.328" endtime="20230928 11:26:54.479"/>
</kw>
<msg timestamp="20230928 11:26:54.479" level="INFO">${MultiSelectionlist} = ['Swift', 'Audi']</msg>
<status status="PASS" starttime="20230928 11:26:53.801" endtime="20230928 11:26:54.479"/>
</kw>
<kw name="Log To Console" library="BuiltIn">
<arg>${MultiSelectionlist}</arg>
<doc>Logs the given message to the console.</doc>
<status status="PASS" starttime="20230928 11:26:54.479" endtime="20230928 11:26:54.479"/>
</kw>
<tag>sanity</tag>
<tag>smoke</tag>
<status status="PASS" starttime="20230928 11:26:47.823" endtime="20230928 11:26:54.485"/>
</test>
<test id="s1-t2" name="Test Case 3" line="23">
<kw name="enter test">
<kw name="Input Text" library="SeleniumLibrary">
<arg>id:ta1</arg>
<arg>The cat was playing in the garden.</arg>
<doc>Types the given ``text`` into the text field identified by ``locator``.</doc>
<msg timestamp="20230928 11:26:54.485" level="INFO">Typing text 'The cat was playing in the garden.' into text field 'id:ta1'.</msg>
<status status="PASS" starttime="20230928 11:26:54.485" endtime="20230928 11:26:54.747"/>
</kw>
<status status="PASS" starttime="20230928 11:26:54.485" endtime="20230928 11:26:54.747"/>
</kw>
<kw name="clear text">
<kw name="Clear Element Text" library="SeleniumLibrary">
<arg>name:fname</arg>
<doc>Clears the value of the text-input-element identified by ``locator``.</doc>
<status status="PASS" starttime="20230928 11:26:54.748" endtime="20230928 11:26:54.843"/>
</kw>
<status status="PASS" starttime="20230928 11:26:54.747" endtime="20230928 11:26:54.843"/>
</kw>
<tag>regression</tag>
<tag>sanity</tag>
<status status="PASS" starttime="20230928 11:26:54.485" endtime="20230928 11:26:54.843"/>
</test>
<status status="PASS" starttime="20230928 11:26:47.690" endtime="20230928 11:26:54.845"/>
</suite>
<statistics>
<total>
<stat pass="2" fail="0" skip="0">All Tests</stat>
</total>
<tag>
<stat pass="1" fail="0" skip="0">regression</stat>
<stat pass="2" fail="0" skip="0">sanity</stat>
<stat pass="1" fail="0" skip="0">smoke</stat>
</tag>
<suite>
<stat pass="2" fail="0" skip="0" id="s1" name="Demo1">Demo1</stat>
</suite>
</statistics>
<errors>
</errors>
</robot>
